
> @health-app/web@0.1.0 build-storybook /Users/imijeong/Projects/SideProjects/healthApp/web
> storybook build "--output-dir" "/var/folders/2w/wlqyj0v54733274mfydqq8fh0000gn/T/chromatic--22322-FVfG6Z2giev7"

@storybook/cli v7.6.6

info => Cleaning outputDir: /var/folders/2w/wlqyj0v54733274mfydqq8fh0000gn/T/chromatic--22322-FVfG6Z2giev7
info => Loading presets
info => Building manager..
info => Manager built (92 ms)
info => Building preview..
info => Copying static files: /Users/imijeong/Projects/SideProjects/healthApp/node_modules/.pnpm/@storybook+manager@7.6.6/node_modules/@storybook/manager/static at /var/folders/2w/wlqyj0v54733274mfydqq8fh0000gn/T/chromatic--22322-FVfG6Z2giev7/sb-common-assets
WARN No story files found for the specified pattern: src/**/*.mdx
info Using Babel compiler
info Addon-docs: using MDX2
info => Using implicit CSS loaders
info => Using default Webpack5 setup
info => Copying static files: /Users/imijeong/Projects/SideProjects/healthApp/web/public at /var/folders/2w/wlqyj0v54733274mfydqq8fh0000gn/T/chromatic--22322-FVfG6Z2giev7/
WARN asset size limit: The following asset(s) exceed the recommended size limit (244 KiB).
WARN This can impact web performance.
WARN Assets: 
WARN   209.eeb98b92.iframe.bundle.js (583 KiB)
WARN   114.5bee7333.iframe.bundle.js (950 KiB)
WARN   915.2c03b001.iframe.bundle.js (720 KiB)
WARN entrypoint size limit: The following entrypoint(s) combined asset size exceeds the recommended limit (244 KiB). This can impact web performance.
WARN Entrypoints:
WARN   main (985 KiB)
WARN       runtime~main.dc0d5207.iframe.bundle.js
WARN       114.5bee7333.iframe.bundle.js
WARN       main.ebf7ae1a.iframe.bundle.js
WARN 
info => Preview built (6.68 s)
info => Output directory: /var/folders/2w/wlqyj0v54733274mfydqq8fh0000gn/T/chromatic--22322-FVfG6Z2giev7
